2025-11-02 18:00:02,238 [INFO] Activator:176 - 


2025-11-02 18:00:02,248 [INFO] Activator:177 - !SESSION log4j initialized
2025-11-02 18:00:10,313 [INFO] LogOutputStream:77 - [STDOUT_REDIRECT] 
2025-11-02 18:00:11,593 [INFO] ApplicationProperties:184 - Using Application install path: C:\ST\STM32CubeIDE_1.19.0\STM32CubeIDE\plugins\com.st.stm32cube.common.mx_6.15.0.202507011659
2025-11-02 18:00:11,619 [INFO] DbMcusXml:78 - Set database path to: C:\ST\STM32CubeIDE_1.19.0\STM32CubeIDE\plugins\com.st.stm32cube.common.mx_6.15.0.202507011659\\db\/mcu/
2025-11-02 18:00:11,619 [INFO] ApiDb:274 - Set plugin database path to: C:\ST\STM32CubeIDE_1.19.0\STM32CubeIDE\plugins\com.st.stm32cube.common.mx_6.15.0.202507011659\\db\/plugins/boardmanager/
2025-11-02 18:00:11,619 [WARN] ApiDb:259 - Overriding images path with different value:  => C:\ST\STM32CubeIDE_1.19.0\STM32CubeIDE\plugins\com.st.stm32cube.common.mx_6.15.0.202507011659\\db\/plugins/mcufinder/images/
2025-11-02 18:00:11,636 [INFO] ApiDb:250 - Set database path to: C:\Users\Maria Priscila Quiro\.stmcufinder\plugins\mcufinder//mcu/
2025-11-02 18:00:11,638 [INFO] DbMcusAds:125 - Set database path to: C:\Users\Maria Priscila Quiro\.stmcufinder\plugins\mcufinder//mcu/
2025-11-02 18:00:11,642 [INFO] CrossReferenceDbSqlite:203 - Set database path to: C:\Users\Maria Priscila Quiro\.stmcufinder\plugins\mcufinder//mcu/cs/
2025-11-02 18:00:11,806 [INFO] RulesReader:64 - Compatibility file has been processed (317 Rules)
2025-11-02 18:00:11,918 [INFO] DbMcusXml:78 - Set database path to: C:\ST\STM32CubeIDE_1.19.0\STM32CubeIDE\plugins\com.st.stm32cube.common.mx_6.15.0.202507011659\\db\/mcu/
2025-11-02 18:00:11,918 [INFO] ApiDb:274 - Set plugin database path to: C:\ST\STM32CubeIDE_1.19.0\STM32CubeIDE\plugins\com.st.stm32cube.common.mx_6.15.0.202507011659\\db\/plugins/boardmanager/
2025-11-02 18:00:11,918 [INFO] ApiDb:261 - Set plugin images path to: C:\ST\STM32CubeIDE_1.19.0\STM32CubeIDE\plugins\com.st.stm32cube.common.mx_6.15.0.202507011659\\db\/plugins/mcufinder/images/
2025-11-02 18:00:11,918 [WARN] DbFile:41 - Overriding database path with different value: C:\Users\Maria Priscila Quiro\.stmcufinder\plugins\mcufinder/ => C:\Users\Maria Priscila Quiro\.stmcufinder\plugins\mcufinder
2025-11-02 18:00:11,918 [INFO] ApiDb:250 - Set database path to: C:\Users\Maria Priscila Quiro\.stmcufinder\plugins\mcufinder//mcu/
2025-11-02 18:00:11,918 [WARN] DbFile:41 - Overriding database path with different value: C:\Users\Maria Priscila Quiro\.stmcufinder\plugins\mcufinder/ => C:\Users\Maria Priscila Quiro\.stmcufinder\plugins\mcufinder
2025-11-02 18:00:11,919 [INFO] DbMcusAds:125 - Set database path to: C:\Users\Maria Priscila Quiro\.stmcufinder\plugins\mcufinder//mcu/
2025-11-02 18:00:11,919 [WARN] DbFile:41 - Overriding database path with different value: C:\Users\Maria Priscila Quiro\.stmcufinder\plugins\mcufinder/ => C:\Users\Maria Priscila Quiro\.stmcufinder\plugins\mcufinder
2025-11-02 18:00:11,919 [WARN] DbFile:41 - Overriding database path with different value: C:\Users\Maria Priscila Quiro\.stmcufinder\plugins\mcufinder/ => C:\Users\Maria Priscila Quiro\.stmcufinder\plugins\mcufinder
2025-11-02 18:00:11,919 [INFO] CrossReferenceDbSqlite:203 - Set database path to: C:\Users\Maria Priscila Quiro\.stmcufinder\plugins\mcufinder//mcu/cs/
2025-11-02 18:00:12,052 [INFO] MainPanel:274 - HeapMemory: 268435456
2025-11-02 18:00:12,220 [INFO] DbMcusXml:78 - Set database path to: C:\ST\STM32CubeIDE_1.19.0\STM32CubeIDE\plugins\com.st.stm32cube.common.mx_6.15.0.202507011659\\db\/mcu/
2025-11-02 18:00:12,220 [INFO] ApiDb:274 - Set plugin database path to: C:\ST\STM32CubeIDE_1.19.0\STM32CubeIDE\plugins\com.st.stm32cube.common.mx_6.15.0.202507011659\\db\/plugins/boardmanager/
2025-11-02 18:00:12,221 [INFO] ApiDb:261 - Set plugin images path to: C:\ST\STM32CubeIDE_1.19.0\STM32CubeIDE\plugins\com.st.stm32cube.common.mx_6.15.0.202507011659\\db\/plugins/mcufinder/images/
2025-11-02 18:00:12,221 [WARN] DbFile:41 - Overriding database path with different value: C:\Users\Maria Priscila Quiro\.stmcufinder\plugins\mcufinder/ => C:\Users\Maria Priscila Quiro\.stmcufinder\plugins\mcufinder
2025-11-02 18:00:12,221 [INFO] ApiDb:250 - Set database path to: C:\Users\Maria Priscila Quiro\.stmcufinder\plugins\mcufinder//mcu/
2025-11-02 18:00:12,221 [WARN] DbFile:41 - Overriding database path with different value: C:\Users\Maria Priscila Quiro\.stmcufinder\plugins\mcufinder/ => C:\Users\Maria Priscila Quiro\.stmcufinder\plugins\mcufinder
2025-11-02 18:00:12,221 [INFO] DbMcusAds:125 - Set database path to: C:\Users\Maria Priscila Quiro\.stmcufinder\plugins\mcufinder//mcu/
2025-11-02 18:00:12,221 [WARN] DbFile:41 - Overriding database path with different value: C:\Users\Maria Priscila Quiro\.stmcufinder\plugins\mcufinder/ => C:\Users\Maria Priscila Quiro\.stmcufinder\plugins\mcufinder
2025-11-02 18:00:12,221 [WARN] DbFile:41 - Overriding database path with different value: C:\Users\Maria Priscila Quiro\.stmcufinder\plugins\mcufinder/ => C:\Users\Maria Priscila Quiro\.stmcufinder\plugins\mcufinder
2025-11-02 18:00:12,221 [INFO] CrossReferenceDbSqlite:203 - Set database path to: C:\Users\Maria Priscila Quiro\.stmcufinder\plugins\mcufinder//mcu/cs/
2025-11-02 18:00:12,261 [INFO] ApplicationProperties:184 - Using Application install path: C:\ST\STM32CubeIDE_1.19.0\STM32CubeIDE\plugins\com.st.stm32cube.common.mx_6.15.0.202507011659
2025-11-02 18:00:12,262 [INFO] PluginManage:196 - Search for loadable plugins [exclusion list=, ]
2025-11-02 18:00:12,265 [INFO] PluginManage:310 - Check plugin analytics
2025-11-02 18:00:12,517 [INFO] AnalyticsPlugin:253 - Accepted Software Licenses: 
2025-11-02 18:00:12,517 [INFO] AnalyticsPlugin:255 - Accepted CMSIS Pack Licenses: 
2025-11-02 18:00:12,517 [INFO] AnalyticsPlugin:257 - Accepted Firmware Licenses: 
2025-11-02 18:00:12,520 [INFO] PluginManage:359 - Loaded plugin analytics (category:tool,tabindex:-1)
2025-11-02 18:00:12,520 [INFO] PluginManage:310 - Check plugin cadmodel
2025-11-02 18:00:12,530 [INFO] CADModel:105 - Init CAD model plugin
2025-11-02 18:00:12,531 [INFO] PluginManage:359 - Loaded plugin cadmodel (category:power,tabindex:5)
2025-11-02 18:00:12,531 [INFO] PluginManage:310 - Check plugin clock
2025-11-02 18:00:12,544 [INFO] PluginManage:359 - Loaded plugin clock (category:base,tabindex:2)
2025-11-02 18:00:12,544 [INFO] PluginManage:310 - Check plugin ddr
2025-11-02 18:00:12,547 [INFO] PluginManage:359 - Loaded plugin ddr (category:tool,tabindex:6)
2025-11-02 18:00:12,547 [INFO] PluginManage:310 - Check plugin filemanager
2025-11-02 18:00:12,717 [INFO] PluginManage:359 - Loaded plugin filemanager (category:base,tabindex:10)
2025-11-02 18:00:12,717 [INFO] PluginManage:310 - Check plugin ipmanager
2025-11-02 18:00:12,725 [INFO] PluginManage:359 - Loaded plugin ipmanager (category:base,tabindex:5)
2025-11-02 18:00:12,725 [INFO] PluginManage:310 - Check plugin lpbam
2025-11-02 18:00:12,735 [INFO] PluginManage:359 - Loaded plugin lpbam (category:base,tabindex:0)
2025-11-02 18:00:12,735 [INFO] PluginManage:310 - Check plugin memorymap
2025-11-02 18:00:12,754 [INFO] PluginManage:359 - Loaded plugin memorymap (category:base,tabindex:4)
2025-11-02 18:00:12,755 [INFO] PluginManage:310 - Check plugin pinoutandconfiguration
2025-11-02 18:00:12,766 [INFO] PluginManage:359 - Loaded plugin pinoutandconfiguration (category:base,tabindex:1)
2025-11-02 18:00:12,767 [INFO] PluginManage:310 - Check plugin pinoutconfig
2025-11-02 18:00:12,881 [WARN] SupportedApi:132 - Cannot load RTOS API schema: s4s-elt-must-match.1: The content of 'definitions' must match (annotation?, (simpleType | complexType)?, (unique | key | keyref)*)). A problem was found starting at: attribute.
2025-11-02 18:00:13,068 [INFO] PluginManage:359 - Loaded plugin pinoutconfig (category:base,tabindex:0)
2025-11-02 18:00:13,068 [INFO] PluginManage:310 - Check plugin power
2025-11-02 18:00:13,084 [INFO] PluginManage:359 - Loaded plugin power (category:power,tabindex:4)
2025-11-02 18:00:13,084 [INFO] PluginManage:310 - Check plugin projectmanager
2025-11-02 18:00:13,101 [INFO] PluginManage:359 - Loaded plugin projectmanager (category:projectmanager,tabindex:4)
2025-11-02 18:00:13,101 [INFO] PluginManage:310 - Check plugin rif
2025-11-02 18:00:13,116 [INFO] PluginManage:359 - Loaded plugin rif (category:base,tabindex:3)
2025-11-02 18:00:13,116 [INFO] PluginManage:310 - Check plugin thirdparty
2025-11-02 18:00:13,306 [INFO] PluginManage:359 - Loaded plugin thirdparty (category:base,tabindex:-1)
2025-11-02 18:00:13,306 [WARN] IntegrityCheckThread:84 - waiting for thirdparty lock release [integrity check]
2025-11-02 18:00:13,306 [INFO] PluginManage:310 - Check plugin tools
2025-11-02 18:00:13,306 [INFO] IntegrityCheckThread:86 - entering critical section [integrity check]
2025-11-02 18:00:13,306 [INFO] ThirdPartyUpdaterWithRetryManager:70 - Updater plugin not ready yet. [1/15]
2025-11-02 18:00:13,310 [INFO] PluginManage:359 - Loaded plugin tools (category:base,tabindex:7)
2025-11-02 18:00:13,310 [INFO] PluginManage:310 - Check plugin tutovideos
2025-11-02 18:00:13,647 [INFO] PluginManage:359 - Loaded plugin tutovideos (category:base,tabindex:-1)
2025-11-02 18:00:13,647 [INFO] PluginManage:310 - Check plugin updater
2025-11-02 18:00:13,675 [INFO] PluginManage:359 - Loaded plugin updater (category:base,tabindex:12)
2025-11-02 18:00:13,675 [INFO] PluginManage:310 - Check plugin userauth
2025-11-02 18:00:13,680 [INFO] UserAuth:118 - Init User Auth plugin
2025-11-02 18:00:13,681 [INFO] PluginManage:359 - Loaded plugin userauth (category:base,tabindex:14)
2025-11-02 18:00:13,682 [INFO] PluginManage:283 - PluginManage : Loaded plugins [18]
2025-11-02 18:00:13,980 [INFO] PinOutPanel:1589 - setPackage(No Configuration,No Configuration)
2025-11-02 18:00:14,081 [INFO] CADModel:165 - CPN selected for project level
2025-11-02 18:00:14,081 [INFO] CADModel:114 - Register for checkConnection events
2025-11-02 18:00:14,104 [INFO] IPUIPlugin:80 - create IPUIPlugin
2025-11-02 18:00:14,105 [INFO] PluginManager:220 - loadIPPluginJar : add adc
2025-11-02 18:00:14,108 [INFO] IPUIPlugin:80 - create IPUIPlugin
2025-11-02 18:00:14,109 [INFO] PluginManager:220 - loadIPPluginJar : add aes
2025-11-02 18:00:14,112 [INFO] IPUIPlugin:80 - create IPUIPlugin
2025-11-02 18:00:14,112 [INFO] PluginManager:220 - loadIPPluginJar : add can
2025-11-02 18:00:14,113 [INFO] IPUIPlugin:80 - create IPUIPlugin
2025-11-02 18:00:14,113 [INFO] PluginManager:220 - loadIPPluginJar : add comp
2025-11-02 18:00:14,120 [INFO] IPUIPlugin:80 - create IPUIPlugin
2025-11-02 18:00:14,120 [INFO] PluginManager:220 - loadIPPluginJar : add cryp
2025-11-02 18:00:14,126 [INFO] IPUIPlugin:80 - create IPUIPlugin
2025-11-02 18:00:14,126 [INFO] PluginManager:220 - loadIPPluginJar : add ddr_ctrl_phy
2025-11-02 18:00:14,130 [INFO] IPUIPlugin:80 - create IPUIPlugin
2025-11-02 18:00:14,130 [INFO] PluginManager:220 - loadIPPluginJar : add dfsdm
2025-11-02 18:00:14,136 [INFO] IPUIPlugin:80 - create IPUIPlugin
2025-11-02 18:00:14,137 [INFO] PluginManager:220 - loadIPPluginJar : add dma
2025-11-02 18:00:14,141 [INFO] IPUIPlugin:80 - create IPUIPlugin
2025-11-02 18:00:14,141 [INFO] PluginManager:220 - loadIPPluginJar : add dma3
2025-11-02 18:00:14,146 [INFO] IPUIPlugin:80 - create IPUIPlugin
2025-11-02 18:00:14,146 [INFO] PluginManager:220 - loadIPPluginJar : add extmemmanager
2025-11-02 18:00:14,149 [INFO] IPUIPlugin:80 - create IPUIPlugin
2025-11-02 18:00:14,149 [INFO] PluginManager:220 - loadIPPluginJar : add fatfs
2025-11-02 18:00:14,153 [INFO] IPUIPlugin:80 - create IPUIPlugin
2025-11-02 18:00:14,153 [INFO] PluginManager:220 - loadIPPluginJar : add fmc
2025-11-02 18:00:14,166 [INFO] IPUIPlugin:80 - create IPUIPlugin
2025-11-02 18:00:14,166 [INFO] PluginManager:220 - loadIPPluginJar : add freertos
2025-11-02 18:00:14,169 [INFO] IPUIPlugin:80 - create IPUIPlugin
2025-11-02 18:00:14,169 [INFO] PluginManager:220 - loadIPPluginJar : add genericplugin
2025-11-02 18:00:14,172 [INFO] IPUIPlugin:80 - create IPUIPlugin
2025-11-02 18:00:14,172 [INFO] PluginManager:220 - loadIPPluginJar : add gfxmmu
2025-11-02 18:00:14,180 [INFO] IPUIPlugin:80 - create IPUIPlugin
2025-11-02 18:00:14,180 [INFO] PluginManager:220 - loadIPPluginJar : add gic
2025-11-02 18:00:14,186 [INFO] IPUIPlugin:80 - create IPUIPlugin
2025-11-02 18:00:14,186 [INFO] PluginManager:220 - loadIPPluginJar : add gpio
2025-11-02 18:00:14,190 [INFO] IPUIPlugin:80 - create IPUIPlugin
2025-11-02 18:00:14,190 [INFO] PluginManager:220 - loadIPPluginJar : add gtzc
2025-11-02 18:00:14,193 [INFO] IPUIPlugin:80 - create IPUIPlugin
2025-11-02 18:00:14,193 [INFO] PluginManager:220 - loadIPPluginJar : add hash
2025-11-02 18:00:14,196 [INFO] IPUIPlugin:80 - create IPUIPlugin
2025-11-02 18:00:14,197 [INFO] PluginManager:220 - loadIPPluginJar : add i2c
2025-11-02 18:00:14,201 [INFO] IPUIPlugin:80 - create IPUIPlugin
2025-11-02 18:00:14,201 [INFO] PluginManager:220 - loadIPPluginJar : add i2s
2025-11-02 18:00:14,204 [INFO] IPUIPlugin:80 - create IPUIPlugin
2025-11-02 18:00:14,205 [INFO] PluginManager:220 - loadIPPluginJar : add i3c
2025-11-02 18:00:14,209 [INFO] IPUIPlugin:80 - create IPUIPlugin
2025-11-02 18:00:14,209 [INFO] PluginManager:220 - loadIPPluginJar : add ipddr
2025-11-02 18:00:14,217 [INFO] IPUIPlugin:80 - create IPUIPlugin
2025-11-02 18:00:14,217 [INFO] PluginManager:220 - loadIPPluginJar : add linkedlist
2025-11-02 18:00:14,221 [INFO] IPUIPlugin:80 - create IPUIPlugin
2025-11-02 18:00:14,221 [INFO] PluginManager:220 - loadIPPluginJar : add lorawan
2025-11-02 18:00:14,224 [INFO] IPUIPlugin:80 - create IPUIPlugin
2025-11-02 18:00:14,225 [INFO] PluginManager:220 - loadIPPluginJar : add ltdc
2025-11-02 18:00:14,231 [INFO] IPUIPlugin:80 - create IPUIPlugin
2025-11-02 18:00:14,231 [INFO] PluginManager:220 - loadIPPluginJar : add mdma
2025-11-02 18:00:14,237 [INFO] IPUIPlugin:80 - create IPUIPlugin
2025-11-02 18:00:14,237 [INFO] PluginManager:220 - loadIPPluginJar : add nvic
2025-11-02 18:00:14,242 [INFO] IPUIPlugin:80 - create IPUIPlugin
2025-11-02 18:00:14,243 [INFO] PluginManager:220 - loadIPPluginJar : add opamp
2025-11-02 18:00:14,246 [INFO] IPUIPlugin:80 - create IPUIPlugin
2025-11-02 18:00:14,247 [INFO] PluginManager:220 - loadIPPluginJar : add openamp
2025-11-02 18:00:14,252 [INFO] IPUIPlugin:80 - create IPUIPlugin
2025-11-02 18:00:14,252 [INFO] PluginManager:220 - loadIPPluginJar : add pdm2pcm
2025-11-02 18:00:14,258 [INFO] IPUIPlugin:80 - create IPUIPlugin
2025-11-02 18:00:14,260 [INFO] PluginManager:220 - loadIPPluginJar : add plateformsettings
2025-11-02 18:00:14,265 [INFO] IPUIPlugin:80 - create IPUIPlugin
2025-11-02 18:00:14,265 [INFO] PluginManager:220 - loadIPPluginJar : add quadspi
2025-11-02 18:00:14,266 [INFO] IPUIPlugin:80 - create IPUIPlugin
2025-11-02 18:00:14,267 [INFO] PluginManager:220 - loadIPPluginJar : add radio
2025-11-02 18:00:14,273 [INFO] IPUIPlugin:80 - create IPUIPlugin
2025-11-02 18:00:14,274 [INFO] PluginManager:220 - loadIPPluginJar : add resmgrutility
2025-11-02 18:00:14,279 [INFO] IPUIPlugin:80 - create IPUIPlugin
2025-11-02 18:00:14,279 [INFO] PluginManager:220 - loadIPPluginJar : add sai
2025-11-02 18:00:14,284 [INFO] IPUIPlugin:80 - create IPUIPlugin
2025-11-02 18:00:14,284 [INFO] PluginManager:220 - loadIPPluginJar : add spi
2025-11-02 18:00:14,293 [INFO] IPUIPlugin:80 - create IPUIPlugin
2025-11-02 18:00:14,293 [INFO] PluginManager:220 - loadIPPluginJar : add stm32_wpan
2025-11-02 18:00:14,296 [INFO] IPUIPlugin:80 - create IPUIPlugin
2025-11-02 18:00:14,296 [INFO] PluginManager:220 - loadIPPluginJar : add tim
2025-11-02 18:00:14,300 [INFO] IPUIPlugin:80 - create IPUIPlugin
2025-11-02 18:00:14,300 [INFO] PluginManager:220 - loadIPPluginJar : add touchsensing
2025-11-02 18:00:14,304 [INFO] IPUIPlugin:80 - create IPUIPlugin
2025-11-02 18:00:14,304 [INFO] PluginManager:220 - loadIPPluginJar : add tracer_emb
2025-11-02 18:00:14,308 [INFO] IPUIPlugin:80 - create IPUIPlugin
2025-11-02 18:00:14,308 [INFO] PluginManager:220 - loadIPPluginJar : add ts
2025-11-02 18:00:14,310 [INFO] IPUIPlugin:80 - create IPUIPlugin
2025-11-02 18:00:14,311 [INFO] PluginManager:220 - loadIPPluginJar : add tsc
2025-11-02 18:00:14,315 [INFO] IPUIPlugin:80 - create IPUIPlugin
2025-11-02 18:00:14,316 [INFO] PluginManager:220 - loadIPPluginJar : add ucpd
2025-11-02 18:00:14,320 [INFO] IPUIPlugin:80 - create IPUIPlugin
2025-11-02 18:00:14,320 [INFO] PluginManager:220 - loadIPPluginJar : add usart
2025-11-02 18:00:14,323 [INFO] IPUIPlugin:80 - create IPUIPlugin
2025-11-02 18:00:14,324 [INFO] PluginManager:220 - loadIPPluginJar : add usbx
2025-11-02 18:00:14,468 [FATAL] Updater:351 - Updater called before beeing initialized
2025-11-02 18:00:14,532 [INFO] RulesReader:64 - Compatibility file has been processed (317 Rules)
2025-11-02 18:00:14,543 [INFO] RulesReader:64 - Compatibility file has been processed (317 Rules)
2025-11-02 18:00:14,564 [INFO] CADModel:165 - CPN selected for project level
2025-11-02 18:00:14,564 [INFO] CADModel:114 - Register for checkConnection events
2025-11-02 18:00:14,564 [FATAL] Updater:351 - Updater called before beeing initialized
2025-11-02 18:00:14,564 [ERROR] CADModel:125 - Updater not yet initialized, retry later 
2025-11-02 18:00:14,740 [FATAL] Updater:351 - Updater called before beeing initialized
2025-11-02 18:00:14,743 [INFO] CADModel:165 - CPN selected for project level
2025-11-02 18:00:14,743 [INFO] CADModel:114 - Register for checkConnection events
2025-11-02 18:00:14,743 [FATAL] Updater:351 - Updater called before beeing initialized
2025-11-02 18:00:14,743 [ERROR] CADModel:125 - Updater not yet initialized, retry later 
2025-11-02 18:00:14,746 [FATAL] Updater:351 - Updater called before beeing initialized
2025-11-02 18:00:14,870 [FATAL] Updater:351 - Updater called before beeing initialized
2025-11-02 18:00:14,875 [INFO] DbMcusAds:53 - JSON generation date=Thu Oct 02 03:36:05 CST 2025 (1759397765645)
2025-11-02 18:00:14,875 [FATAL] Updater:351 - Updater called before beeing initialized
2025-11-02 18:00:14,949 [WARN] DetailPanel:346 - Failed to get advertising image, set to default
2025-11-02 18:00:15,041 [FATAL] Updater:351 - Updater called before beeing initialized
2025-11-02 18:00:15,043 [FATAL] Updater:351 - Updater called before beeing initialized
2025-11-02 18:00:15,043 [FATAL] Updater:351 - Updater called before beeing initialized
2025-11-02 18:00:15,043 [WARN] DetailPanel:346 - Failed to get advertising image, set to default
2025-11-02 18:00:15,044 [FATAL] Updater:351 - Updater called before beeing initialized
2025-11-02 18:00:15,103 [ERROR] Updater:1198 - MainUpdater not yet initialized. External WinMGr cannot be set.
2025-11-02 18:00:15,105 [INFO] Updater:1134 - Updater Version found : 6.15.0
2025-11-02 18:00:15,129 [INFO] ApplicationProperties:184 - Using Application install path: C:\ST\STM32CubeIDE_1.19.0\STM32CubeIDE\plugins\com.st.stm32cube.common.mx_6.15.0.202507011659
2025-11-02 18:00:16,308 [INFO] ThirdPartyUpdaterWithRetryManager:70 - Updater plugin not ready yet. [2/15]
2025-11-02 18:00:16,722 [ERROR] LogOutputStream:75 - [STDERR_REDIRECT] Nov 02, 2025 6:00:16 PM java.util.prefs.WindowsPreferences <init>
2025-11-02 18:00:16,723 [ERROR] LogOutputStream:75 - [STDERR_REDIRECT] WARNING: Could not open/create prefs root node Software\JavaSoft\Prefs at root 0xffffffff80000002. Windows RegCreateKeyEx(...) returned error code 5.
2025-11-02 18:00:16,723 [ERROR] LogOutputStream:75 - [STDERR_REDIRECT] 
2025-11-02 18:00:17,410 [INFO] MainUpdater:2872 - connection check result : 10
2025-11-02 18:00:17,410 [INFO] MainUpdater:3604 - Updater definition file requires update
2025-11-02 18:00:17,411 [INFO] MainUpdater:289 - Updater Check For Update Now.
2025-11-02 18:00:17,411 [INFO] MicroXplorer:498 - Change Database Version : DB.6.0.150
2025-11-02 18:00:17,426 [INFO] McuFinderGlobals:63 - Set McuFinder mode to 2 (CubeIDE integrated)
2025-11-02 18:00:17,426 [INFO] UserAuth:171 - activating auth plugin
2025-11-02 18:00:17,429 [INFO] UserAuth:487 - Internet connection configuration mode: 1
2025-11-02 18:00:17,457 [INFO] JxBrowserEngine:152 - Initiate JxBrowser Engine with user profile folder
2025-11-02 18:00:17,596 [INFO] ServerAccessManage:452 - Complete download http(s) 200
2025-11-02 18:00:17,598 [INFO] ServerAccessManage:509 - Download File updaters.zip
2025-11-02 18:00:18,053 [INFO] FileExtend:248 - Unzip File : updaters.zip
2025-11-02 18:00:18,053 [INFO] FileExtend:263 - Standard Zip Deflate
2025-11-02 18:00:18,734 [INFO] ServerAccessManage:452 - Complete download http(s) 200
2025-11-02 18:00:18,735 [INFO] ServerAccessManage:509 - Download File PacksControlFlags.xml
2025-11-02 18:00:18,977 [INFO] ServerAccessManage:452 - Complete download http(s) 200
2025-11-02 18:00:18,977 [INFO] ServerAccessManage:509 - Download File cubemx.pidx
2025-11-02 18:00:19,309 [WARN] MainUpdater:1193 - Updater busy. Cannot search thirdparties
2025-11-02 18:00:19,309 [INFO] ThirdPartyUpdaterWithRetryManager:96 - Updater plugin is busy. [1/15]
2025-11-02 18:00:20,225 [INFO] ServerAccessManage:452 - Complete download http(s) 200
2025-11-02 18:00:20,225 [INFO] ServerAccessManage:509 - Download File STMicroelectronics.FP-SNS-MOTENV1.pdsc
2025-11-02 18:00:20,441 [INFO] WebApp:169 - Instantiating new browser for Auth
2025-11-02 18:00:21,639 [INFO] WebApp:463 - Apply proxy settings
2025-11-02 18:00:21,640 [INFO] WebApp:548 - Chromium requires no authentication
2025-11-02 18:00:21,771 [INFO] WebApp:491 - Direct internet connection detected
2025-11-02 18:00:21,934 [INFO] WebApp:900 - Register for checkConnection events
2025-11-02 18:00:21,934 [INFO] WebApp:463 - Apply proxy settings
2025-11-02 18:00:21,935 [INFO] WebApp:548 - Chromium requires no authentication
2025-11-02 18:00:21,936 [INFO] WebApp:491 - Direct internet connection detected
2025-11-02 18:00:22,156 [INFO] WebApp:191 - Connection restablished
2025-11-02 18:00:22,311 [WARN] MainUpdater:1193 - Updater busy. Cannot search thirdparties
2025-11-02 18:00:22,311 [INFO] ThirdPartyUpdaterWithRetryManager:96 - Updater plugin is busy. [2/15]
2025-11-02 18:00:22,489 [INFO] WebApp:225 - Starting web application
2025-11-02 18:00:22,489 [INFO] WebApp:593 - Web application path used C:\ST\STM32CubeIDE_1.19.0\STM32CubeIDE\plugins\com.st.stm32cube.common.mx_6.15.0.202507011659\db\plugins\mcufinder\reactClient1\index.html
2025-11-02 18:00:22,879 [INFO] ServerAccessManage:452 - Complete download http(s) 200
2025-11-02 18:00:22,879 [INFO] ServerAccessManage:509 - Download File STMicroelectronics.X-CUBE-GNSS1.pdsc
2025-11-02 18:00:25,312 [WARN] MainUpdater:1193 - Updater busy. Cannot search thirdparties
2025-11-02 18:00:25,312 [INFO] ThirdPartyUpdaterWithRetryManager:96 - Updater plugin is busy. [3/15]
2025-11-02 18:00:26,299 [ERROR] ServerAccessManage:1212 - Problem, file not found on Server
2025-11-02 18:00:26,732 [ERROR] ServerAccessManage:1212 - Problem, file not found on Server
2025-11-02 18:00:27,280 [ERROR] ServerAccessManage:1212 - Problem, file not found on Server
2025-11-02 18:00:27,889 [ERROR] ServerAccessManage:1212 - Problem, file not found on Server
2025-11-02 18:00:28,313 [WARN] MainUpdater:1193 - Updater busy. Cannot search thirdparties
2025-11-02 18:00:28,314 [INFO] ThirdPartyUpdaterWithRetryManager:96 - Updater plugin is busy. [4/15]
2025-11-02 18:00:28,422 [ERROR] ServerAccessManage:1212 - Problem, file not found on Server
2025-11-02 18:00:28,764 [ERROR] ServerAccessManage:1212 - Problem, file not found on Server
2025-11-02 18:00:29,625 [WARN] PackLoader:240 - Cannot read IP mode file for STMicroelectronics.FP-SNS-MOTENV1.5.1.0
2025-11-02 18:00:29,647 [WARN] PackLoader:240 - Cannot read IP mode file for STMicroelectronics.X-CUBE-GNSS1.7.1.0
2025-11-02 18:00:29,652 [INFO] PopulateThirdPartyThread:66 - Ending populate Thread
2025-11-02 18:00:29,654 [INFO] ThirdParty:1030 - CMSIS Pack Vendor :STMicroelectronics X-CUBE-GNSS1 7.1.0
2025-11-02 18:00:29,654 [INFO] ThirdParty:1030 - CMSIS Pack Vendor :STMicroelectronics FP-SNS-MOTENV1 5.1.0
2025-11-02 18:00:29,654 [INFO] LoadServerUpdatesThread:375 - End of LoadServerUpdate Thread
2025-11-02 18:00:29,766 [INFO] CheckServerUpdateThread:120 - End of CheckServer Thread
2025-11-02 18:00:31,616 [WARN] PackLoader:240 - Cannot read IP mode file for STMicroelectronics.FP-SNS-MOTENVWB1.1.4.0
2025-11-02 18:00:31,621 [WARN] PackLoader:240 - Cannot read IP mode file for STMicroelectronics.FP-ATR-ASTRA1.2.0.2
2025-11-02 18:00:31,634 [WARN] PackLoader:240 - Cannot read IP mode file for STMicroelectronics.X-CUBE-SMBUS.2.1.0
2025-11-02 18:00:31,652 [WARN] PackLoader:240 - Cannot read IP mode file for STMicroelectronics.X-CUBE-ST60.1.0.0
2025-11-02 18:00:31,682 [WARN] PackLoader:240 - Cannot read IP mode file for STMicroelectronics.X-CUBE-AZRTOS-F7.1.1.0
2025-11-02 18:00:31,691 [WARN] PackLoader:240 - Cannot read IP mode file for Cesanta.I-CUBE-Mongoose.7.19.0
2025-11-02 18:00:31,697 [WARN] PackLoader:240 - Cannot read IP mode file for STMicroelectronics.FP-SNS-MOTENV1.5.1.0
2025-11-02 18:00:31,708 [WARN] PackLoader:240 - Cannot read IP mode file for WES.I-CUBE-Cesium.1.4.0
2025-11-02 18:00:31,732 [WARN] PackLoader:240 - Cannot read IP mode file for Infineon.AIROC-Wi-Fi-Bluetooth-STM32.1.7.1
2025-11-02 18:00:31,763 [WARN] PackLoader:240 - Cannot read IP mode file for STMicroelectronics.X-CUBE-AZRTOS-H7.3.4.0
2025-11-02 18:00:31,773 [WARN] PackLoader:240 - Cannot read IP mode file for STMicroelectronics.X-CUBE-DISPLAY.3.0.0
2025-11-02 18:00:31,783 [WARN] PackLoader:240 - Cannot read IP mode file for STMicroelectronics.X-CUBE-NFC10.1.0.0
2025-11-02 18:00:31,789 [WARN] PackLoader:240 - Cannot read IP mode file for STMicroelectronics.X-CUBE-ST60.1.1.0
2025-11-02 18:00:31,795 [WARN] PackLoader:240 - Cannot read IP mode file for emotas.I-CUBE-CANOPEN.1.3.0
2025-11-02 18:00:31,801 [WARN] PackLoader:240 - Cannot read IP mode file for STMicroelectronics.X-CUBE-GNSS1.7.1.0
2025-11-02 18:00:31,810 [WARN] PackLoader:240 - Cannot read IP mode file for STMicroelectronics.FP-SNS-STBOX1.2.1.0
2025-11-02 18:00:31,818 [WARN] PackLoader:240 - Cannot read IP mode file for STMicroelectronics.FP-SNS-SMARTAG2.1.2.0
2025-11-02 18:00:31,823 [WARN] PackLoader:240 - Cannot read IP mode file for STMicroelectronics.FP-SNS-FLIGHT1.5.1.0
2025-11-02 18:00:31,833 [INFO] LogOutputStream:77 - [STDOUT_REDIRECT] 1 : Invalid condition id : UX_CORESTACK_Condition cause : null
2025-11-02 18:00:31,833 [INFO] LogOutputStream:77 - [STDOUT_REDIRECT] 1 : Invalid condition id : UX_CORESTACK_Condition cause : null
2025-11-02 18:00:31,835 [INFO] LogOutputStream:77 - [STDOUT_REDIRECT] 1 : Invalid condition id : UX_CORESTACK_Condition cause : null
2025-11-02 18:00:31,837 [INFO] LogOutputStream:77 - [STDOUT_REDIRECT] 1 : Invalid condition id : UX_CORESTACK_Condition cause : null
2025-11-02 18:00:31,839 [INFO] LogOutputStream:77 - [STDOUT_REDIRECT] 1 : Invalid condition id : UX_CORESTACK_Condition cause : null
2025-11-02 18:00:31,841 [WARN] PackLoader:240 - Cannot read IP mode file for STMicroelectronics.X-CUBE-AZRTOS-WL.2.0.0
2025-11-02 18:00:31,848 [WARN] PackLoader:240 - Cannot read IP mode file for STMicroelectronics.FP-SNS-MOTENV1.5.0.0
2025-11-02 18:00:31,855 [WARN] PackLoader:240 - Cannot read IP mode file for STMicroelectronics.X-CUBE-BLE2.3.3.0
2025-11-02 18:00:31,863 [WARN] PackLoader:240 - Cannot read IP mode file for STMicroelectronics.X-CUBE-NFC9.1.0.0
2025-11-02 18:00:31,870 [WARN] PackLoader:240 - Cannot read IP mode file for wolfSSL.I-CUBE-wolfSSL.5.8.2
2025-11-02 18:00:31,875 [WARN] PackLoader:240 - Cannot read IP mode file for STMicroelectronics.X-CUBE-BLE1.7.1.0
2025-11-02 18:00:31,880 [WARN] PackLoader:240 - Cannot read IP mode file for wolfSSL.I-CUBE-wolfMQTT.1.19.2
2025-11-02 18:00:31,887 [WARN] PackLoader:240 - Cannot read IP mode file for STMicroelectronics.X-CUBE-EEPRMA1.5.2.0
2025-11-02 18:00:31,894 [WARN] PackLoader:240 - Cannot read IP mode file for STMicroelectronics.X-CUBE-ST67W61.1.1.0
2025-11-02 18:00:31,908 [WARN] PackLoader:240 - Cannot read IP mode file for STMicroelectronics.X-CUBE-AZRTOS-G0.1.1.0
2025-11-02 18:00:31,917 [WARN] PackLoader:240 - Cannot read IP mode file for STMicroelectronics.X-CUBE-SAFEA1.1.2.2
2025-11-02 18:00:31,922 [WARN] PackLoader:240 - Cannot read IP mode file for STMicroelectronics.X-CUBE-NFC4.3.0.0
2025-11-02 18:00:31,933 [WARN] PackLoader:240 - Cannot read IP mode file for EmbeddedOffice.I-CUBE-FS-RTOS.1.0.1
2025-11-02 18:00:31,938 [WARN] PackLoader:240 - Cannot read IP mode file for STMicroelectronics.X-CUBE-WB05N.2.0.0
2025-11-02 18:00:31,943 [WARN] PackLoader:240 - Cannot read IP mode file for wolfSSL.I-CUBE-wolfTPM.3.8.0
2025-11-02 18:00:31,949 [WARN] PackLoader:240 - Cannot read IP mode file for STMicroelectronics.X-CUBE-TCPP.4.2.0
2025-11-02 18:00:31,957 [WARN] PackLoader:240 - Cannot read IP mode file for RealThread.X-CUBE-RT-Thread_Nano.4.1.1
2025-11-02 18:00:31,962 [WARN] PackLoader:240 - Cannot read IP mode file for STMicroelectronics.FP-ATR-SIGFOX1.3.2.0
2025-11-02 18:00:31,970 [WARN] PackLoader:240 - Cannot read IP mode file for ITTIA_DB.I-CUBE-ITTIADB.8.9.0
2025-11-02 18:00:31,977 [WARN] PackLoader:240 - Cannot read IP mode file for STMicroelectronics.X-CUBE-ST67W61.1.0.0
2025-11-02 18:00:31,983 [WARN] PackLoader:240 - Cannot read IP mode file for STMicroelectronics.X-CUBE-AI.10.2.0
2025-11-02 18:00:32,008 [WARN] PackLoader:240 - Cannot read IP mode file for SEGGER.I-CUBE-embOS.1.3.1
2025-11-02 18:00:32,054 [WARN] PackLoader:240 - Cannot read IP mode file for STMicroelectronics.X-CUBE-ALGOBUILD.1.4.0
2025-11-02 18:00:32,099 [WARN] PackLoader:240 - Cannot read IP mode file for STMicroelectronics.X-CUBE-MEMS1.11.3.0
2025-11-02 18:00:32,218 [WARN] PackLoader:240 - Cannot read IP mode file for STMicroelectronics.X-CUBE-PM33A1.1.0.0
2025-11-02 18:00:32,233 [WARN] PackLoader:240 - Cannot read IP mode file for STMicroelectronics.X-CUBE-AZRTOS-F4.1.1.0
2025-11-02 18:00:32,239 [WARN] PackLoader:240 - Cannot read IP mode file for Avnet-IotConnect.X-CUBE-IoTC-DA16k-PMOD.1.0.0
2025-11-02 18:00:32,243 [WARN] PackLoader:240 - Cannot read IP mode file for STMicroelectronics.X-CUBE-ISPU.2.1.0
2025-11-02 18:00:32,258 [WARN] PackLoader:240 - Cannot read IP mode file for STMicroelectronics.X-CUBE-IPS.3.2.0
2025-11-02 18:00:32,291 [WARN] PackLoader:240 - Cannot read IP mode file for STMicroelectronics.X-CUBE-NFC12.1.0.0
2025-11-02 18:00:32,315 [WARN] PackLoader:240 - Cannot read IP mode file for STMicroelectronics.X-CUBE-AZRTOS-L5.2.0.0
2025-11-02 18:00:32,325 [WARN] PackLoader:240 - Cannot read IP mode file for STMicroelectronics.X-CUBE-NFC6.3.1.0
2025-11-02 18:00:32,356 [WARN] PackLoader:240 - Cannot read IP mode file for STMicroelectronics.X-CUBE-FREERTOS.1.3.1
2025-11-02 18:00:32,406 [WARN] PackLoader:240 - Cannot read IP mode file for STMicroelectronics.X-CUBE-TOUCHGFX.4.26.0
2025-11-02 18:00:32,412 [WARN] PackLoader:240 - Cannot read IP mode file for STMicroelectronics.FP-SNS-STAIOTCFT.1.0.0
2025-11-02 18:00:32,420 [WARN] PackLoader:240 - Cannot read IP mode file for STMicroelectronics.X-CUBE-DPower.1.3.0
2025-11-02 18:00:32,436 [WARN] ConditionMgr:438 - getConditionDescription Invalid condition id : LAN8742 Phy interface Condition cause : null
2025-11-02 18:00:32,437 [WARN] PackLoader:240 - Cannot read IP mode file for STMicroelectronics.X-CUBE-AZRTOS-L4.2.0.0
2025-11-02 18:00:32,438 [WARN] ConditionMgr:1044 - genDependencies : Invalid condition id : LAN8742 Phy interface Condition cause : null
2025-11-02 18:00:32,438 [WARN] ConditionMgr:1044 - genDependencies : Invalid condition id : LAN8742 Phy interface Condition cause : null
2025-11-02 18:00:32,438 [WARN] ConditionMgr:1044 - genDependencies : Invalid condition id : LAN8742 Phy interface Condition cause : null
2025-11-02 18:00:32,447 [WARN] PackLoader:240 - Cannot read IP mode file for STMicroelectronics.X-CUBE-SFXS2LP1.4.0.0
2025-11-02 18:00:32,458 [WARN] PackLoader:240 - Cannot read IP mode file for STMicroelectronics.X-CUBE-BLEMGR.4.1.0
2025-11-02 18:00:32,493 [WARN] ConditionMgr:438 - getConditionDescription Invalid condition id : UX DEVICE CLASS RTOS Condition cause : null
2025-11-02 18:00:32,493 [WARN] ConditionMgr:438 - getConditionDescription Invalid condition id : UX DEVICE CLASS RTOS Condition cause : null
2025-11-02 18:00:32,495 [WARN] PackLoader:240 - Cannot read IP mode file for STMicroelectronics.X-CUBE-AZRTOS-WB.2.0.0
2025-11-02 18:00:32,496 [WARN] ConditionMgr:1044 - genDependencies : Invalid condition id : UX DEVICE CLASS RTOS Condition cause : null
2025-11-02 18:00:32,497 [WARN] ConditionMgr:1044 - genDependencies : Invalid condition id : UX DEVICE CLASS RTOS Condition cause : null
2025-11-02 18:00:32,497 [WARN] ConditionMgr:1044 - genDependencies : Invalid condition id : UX DEVICE CLASS RTOS Condition cause : null
2025-11-02 18:00:32,498 [WARN] ConditionMgr:1044 - genDependencies : Invalid condition id : UX DEVICE CLASS RTOS Condition cause : null
2025-11-02 18:00:32,498 [WARN] ConditionMgr:1044 - genDependencies : Invalid condition id : UX DEVICE CLASS RTOS Condition cause : null
2025-11-02 18:00:32,510 [WARN] PackLoader:240 - Cannot read IP mode file for STMicroelectronics.X-CUBE-GNSS1.7.0.1
2025-11-02 18:00:32,521 [WARN] PackLoader:240 - Cannot read IP mode file for STMicroelectronics.X-CUBE-TOUCHGFX.4.25.0
2025-11-02 18:00:32,526 [WARN] ConditionMgr:438 - getConditionDescription Invalid condition id : Cortex-A Device cause : null
2025-11-02 18:00:32,543 [WARN] ConditionMgr:1044 - genDependencies : Invalid condition id : Cortex-A Device cause : null
2025-11-02 18:00:32,543 [WARN] ConditionMgr:1044 - genDependencies : Invalid condition id : Cortex-A Device cause : null
2025-11-02 18:00:32,543 [WARN] ConditionMgr:1044 - genDependencies : Invalid condition id : Cortex-A Device cause : null
2025-11-02 18:00:32,565 [WARN] PackLoader:240 - Cannot read IP mode file for STMicroelectronics.X-CUBE-SUBG2.5.0.0
2025-11-02 18:00:32,634 [WARN] PackLoader:240 - Cannot read IP mode file for STMicroelectronics.X-CUBE-AZRTOS-H7RS.1.1.0
2025-11-02 18:00:32,652 [WARN] PackLoader:240 - Cannot read IP mode file for STMicroelectronics.X-CUBE-AZRTOS-G4.2.0.0
2025-11-02 18:00:32,658 [WARN] PackLoader:240 - Cannot read IP mode file for wolfSSL.I-CUBE-wolfSSH.1.4.20
2025-11-02 18:00:32,663 [WARN] PackLoader:240 - Cannot read IP mode file for STMicroelectronics.X-CUBE-NFC7.2.0.0
2025-11-02 18:00:32,673 [WARN] PackLoader:240 - Cannot read IP mode file for STMicroelectronics.X-CUBE-IPS.3.1.0
2025-11-02 18:00:32,682 [WARN] PackLoader:240 - Cannot read IP mode file for STMicroelectronics.X-CUBE-ALS.1.0.2
2025-11-02 18:00:32,689 [WARN] PackLoader:240 - Cannot read IP mode file for STMicroelectronics.X-CUBE-STSE01.1.0.0
2025-11-02 18:00:32,699 [WARN] PackLoader:240 - Cannot read IP mode file for STMicroelectronics.X-CUBE-TOF1.3.4.3
2025-11-02 18:00:32,710 [INFO] ThirdParty:978 - Integrity check success = true
2025-11-02 18:00:32,710 [INFO] IntegrityCheckThread:100 - exiting critical section [integrity check]
2025-11-02 18:00:32,710 [INFO] IntegrityCheckThread:103 - End integrity checks thread
2025-11-02 18:03:24,910 [INFO] WebApp:194 - Connection lost
2025-11-02 18:03:25,110 [INFO] WebApp:191 - Connection restablished
2025-11-02 18:06:31,402 [INFO] WebApp:194 - Connection lost
2025-11-02 18:06:31,575 [INFO] WebApp:191 - Connection restablished
2025-11-02 18:33:29,908 [INFO] WebApp:194 - Connection lost
2025-11-02 18:33:30,075 [INFO] WebApp:191 - Connection restablished
2025-11-02 18:38:35,922 [INFO] WebApp:194 - Connection lost
2025-11-02 18:38:36,099 [INFO] WebApp:191 - Connection restablished
2025-11-02 19:08:41,387 [INFO] WebApp:194 - Connection lost
2025-11-02 19:08:41,562 [INFO] WebApp:191 - Connection restablished
2025-11-02 19:13:46,895 [INFO] WebApp:194 - Connection lost
2025-11-02 19:13:47,051 [INFO] WebApp:191 - Connection restablished
2025-11-02 19:43:52,907 [INFO] WebApp:194 - Connection lost
2025-11-02 19:43:53,080 [INFO] WebApp:191 - Connection restablished
2025-11-02 19:47:00,396 [INFO] WebApp:194 - Connection lost
2025-11-02 19:47:00,557 [INFO] WebApp:191 - Connection restablished
2025-11-02 20:19:04,407 [INFO] WebApp:194 - Connection lost
2025-11-02 20:19:04,574 [INFO] WebApp:191 - Connection restablished
2025-11-02 20:19:34,913 [INFO] WebApp:194 - Connection lost
2025-11-02 20:19:35,055 [INFO] WebApp:191 - Connection restablished
2025-11-02 20:20:14,899 [INFO] WebApp:194 - Connection lost
2025-11-02 20:20:15,064 [INFO] WebApp:191 - Connection restablished
2025-11-02 21:02:53,401 [INFO] WebApp:194 - Connection lost
2025-11-02 21:02:53,570 [INFO] WebApp:191 - Connection restablished
2025-11-02 21:07:52,413 [INFO] WebApp:194 - Connection lost
2025-11-02 21:07:52,600 [INFO] WebApp:191 - Connection restablished
2025-11-02 22:36:42,931 [INFO] WebApp:194 - Connection lost
2025-11-02 22:36:43,082 [INFO] WebApp:191 - Connection restablished
2025-11-02 22:39:49,435 [INFO] WebApp:194 - Connection lost
2025-11-02 22:39:49,585 [INFO] WebApp:191 - Connection restablished
2025-11-02 22:42:56,917 [INFO] WebApp:194 - Connection lost
2025-11-02 22:42:57,077 [INFO] WebApp:191 - Connection restablished
2025-11-02 22:46:04,407 [INFO] WebApp:194 - Connection lost
2025-11-02 22:46:04,568 [INFO] WebApp:191 - Connection restablished
2025-11-02 22:49:11,898 [INFO] WebApp:194 - Connection lost
2025-11-02 22:49:12,060 [INFO] WebApp:191 - Connection restablished
2025-11-02 23:07:04,407 [INFO] WebApp:194 - Connection lost
2025-11-02 23:07:04,573 [INFO] WebApp:191 - Connection restablished
2025-11-02 23:10:11,913 [INFO] WebApp:194 - Connection lost
2025-11-02 23:10:12,088 [INFO] WebApp:191 - Connection restablished
2025-11-02 23:13:19,404 [INFO] WebApp:194 - Connection lost
2025-11-02 23:13:19,566 [INFO] WebApp:191 - Connection restablished
2025-11-02 23:16:27,411 [INFO] WebApp:194 - Connection lost
2025-11-02 23:16:27,586 [INFO] WebApp:191 - Connection restablished
2025-11-02 23:19:34,903 [INFO] WebApp:194 - Connection lost
2025-11-02 23:19:35,060 [INFO] WebApp:191 - Connection restablished
2025-11-02 23:44:05,420 [INFO] WebApp:194 - Connection lost
2025-11-02 23:44:05,581 [INFO] WebApp:191 - Connection restablished
2025-11-02 23:54:41,102 [ERROR] LogOutputStream:75 - [STDERR_REDIRECT] 
2025-11-02 23:54:41,104 [ERROR] LogOutputStream:75 - [STDERR_REDIRECT] 
